Time is : 0
Average mass fraction of Y_N2 is:  1
Average Translational Cv value in internal cells is : 
346120
Average Rotational Cv value in internal cells is : 
296.802
Average Translational-Rotational Cp value in internal cells is : 
346417
Average Vibrational Cv value in internal cells is : 
192.046
Average Translational-Rotational mu value in internal cells is : 
4.01105e-05
Average Translational-Rotational kappa value in internal cells is : 
34.7195
Average Vibrational kappa value in internal cells is : 
4.81326e-05
Average translational-rotational temperature is: 1000
Average vibrational temperature is: 1000
Average translational-rotational enthalpy is: 2.27391e+08
Average translational internal energy is: 2.27095e+08
Average rotational internal energy is: 296802
Average vibrational internal energy is: 35596.1
Time is : 0.0025
Average mass fraction of Y_N2 is:  1
Average Translational Cv value in internal cells is : 
346120
Average Rotational Cv value in internal cells is : 
296.802
Average Translational-Rotational Cp value in internal cells is : 
346417
Average Vibrational Cv value in internal cells is : 
192.046
Average Translational-Rotational mu value in internal cells is : 
4.01105e-05
Average Translational-Rotational kappa value in internal cells is : 
34.7195
Average Vibrational kappa value in internal cells is : 
4.81326e-05
Average translational-rotational temperature is: 1000
Average vibrational temperature is: 1000
Average translational-rotational enthalpy is: 2.27391e+08
Average translational internal energy is: 2.27095e+08
Average rotational internal energy is: 296802
Average vibrational internal energy is: 35596.1
