Time is : 0
Average mass fraction of Y_O2 is:  1
Average Translational Cv value in internal cells is : 
282992
Average Rotational Cv value in internal cells is : 
259.837
Average Translational-Rotational Cp value in internal cells is : 
283252
Average Vibrational Cv value in internal cells is : 
211.944
Average Translational-Rotational mu value in internal cells is : 
4.62162e-05
Average Translational-Rotational kappa value in internal cells is : 
32.7091
Average Vibrational kappa value in internal cells is : 
5.54594e-05
Average translational-rotational temperature is: 1000
Average vibrational temperature is: 1000
Average translational-rotational enthalpy is: 1.84386e+08
Average translational internal energy is: 1.84127e+08
Average rotational internal energy is: 259837
Average vibrational internal energy is: 68601.9
Time is : 0.0025
Average mass fraction of Y_O2 is:  1
Average Translational Cv value in internal cells is : 
282992
Average Rotational Cv value in internal cells is : 
259.837
Average Translational-Rotational Cp value in internal cells is : 
283252
Average Vibrational Cv value in internal cells is : 
211.944
Average Translational-Rotational mu value in internal cells is : 
4.62162e-05
Average Translational-Rotational kappa value in internal cells is : 
32.7091
Average Vibrational kappa value in internal cells is : 
5.54594e-05
Average translational-rotational temperature is: 1000
Average vibrational temperature is: 1000
Average translational-rotational enthalpy is: 1.84386e+08
Average translational internal energy is: 1.84127e+08
Average rotational internal energy is: 259837
Average vibrational internal energy is: 68601.9
