Time is : 0
Average mass fraction of Y_N2 is:  0.45
Mol weight of N2 is:  28.0135
Average viscosity of N2 is:  4.01105e-05
Average thermal conductivity of N2 is:  0.0991814
Average CpTR of N2 is:  1167.16
Average mass fraction of Y_O2 is:  0.55
Mol weight of O2 is:  31.9988
Average viscosity of O2 is:  4.62162e-05
Average thermal conductivity of O2 is:  0.107939
Average CpTR of O2 is:  1090.12
Average Translational Cv value in internal cells is : 
478.979
Average Rotational Cv value in internal cells is : 
276.471
Average Translational-Rotational Cp value in internal cells is : 
755.451
Average Vibrational Cv value in internal cells is : 
178.891
Average viscosity of value in internal cells is : 
4.32762e-05
Average thermal conductivity of value in internal cells is : 
0.103738
Average vibrational thermal conductivity value in internal cells is : 
5.20337e-05
Average translational-rotational temperature is: 1000
Average vibrational temperature is: 1000
Average translational-rotational enthalpy is: 492619
Average translational internal energy is: 216148
Average rotational internal energy is: 276471
Average vibrational internal energy is: 33157.7
Time is : 0.0025
Average mass fraction of Y_N2 is:  0.45
Mol weight of N2 is:  28.0135
Average viscosity of N2 is:  4.01105e-05
Average thermal conductivity of N2 is:  0.0991814
Average CpTR of N2 is:  1167.16
Average mass fraction of Y_O2 is:  0.55
Mol weight of O2 is:  31.9988
Average viscosity of O2 is:  4.62162e-05
Average thermal conductivity of O2 is:  0.107939
Average CpTR of O2 is:  1090.12
Average Translational Cv value in internal cells is : 
478.979
Average Rotational Cv value in internal cells is : 
276.471
Average Translational-Rotational Cp value in internal cells is : 
755.451
Average Vibrational Cv value in internal cells is : 
178.891
Average viscosity of value in internal cells is : 
4.32762e-05
Average thermal conductivity of value in internal cells is : 
0.103738
Average vibrational thermal conductivity value in internal cells is : 
5.20337e-05
Average translational-rotational temperature is: 1000
Average vibrational temperature is: 1000
Average translational-rotational enthalpy is: 492619
Average translational internal energy is: 216148
Average rotational internal energy is: 276471
Average vibrational internal energy is: 33157.7
