Time is : 0
Average Translational Cv value in internal cells is : 
855.709
Average Rotational Cv value in internal cells is : 
277.093
Average Translational-Rotational Cp value in internal cells is : 
1132.8
Average Vibrational Cv value in internal cells is : 
273.708
Average Translational-Rotational mu value in internal cells is : 
4.15112e-05
Average Translational-Rotational kappa value in internal cells is : 
0.100306
Average Vibrational kappa value in internal cells is : 
4.98134e-05
Average translational-rotational temperature is: 1000
Average vibrational temperature is: 5000
Average translational-rotational enthalpy is: 740957
Average translational internal energy is: 463865
Average rotational internal energy is: 277093
Average vibrational internal energy is: 1.04273e+06
Time is : 0.0025
Average Translational Cv value in internal cells is : 
865.601
Average Rotational Cv value in internal cells is : 
277.093
Average Translational-Rotational Cp value in internal cells is : 
1142.69
Average Vibrational Cv value in internal cells is : 
273.708
Average Translational-Rotational mu value in internal cells is : 
4.30959e-05
Average Translational-Rotational kappa value in internal cells is : 
0.105241
Average Vibrational kappa value in internal cells is : 
5.17151e-05
Average translational-rotational temperature is: 1062.6
Average vibrational temperature is: 5000
Average translational-rotational enthalpy is: 812526
Average translational internal energy is: 518087
Average rotational internal energy is: 294439
Average vibrational internal energy is: 1.04273e+06
