Time is : 0
Average Translational Cv value in internal cells is : 
870.36
Average Rotational Cv value in internal cells is : 
296.802
Average Translational-Rotational Cp value in internal cells is : 
1167.16
Average Vibrational Cv value in internal cells is : 
291.255
Average Translational-Rotational mu value in internal cells is : 
4.01105e-05
Average Translational-Rotational kappa value in internal cells is : 
0.0991814
Average Vibrational kappa value in internal cells is : 
4.81326e-05
Average translational-rotational temperature is: 1000
Average vibrational temperature is: 5000
Average translational-rotational enthalpy is: 766137
Average translational internal energy is: 469335
Average rotational internal energy is: 296802
Average vibrational internal energy is: 1.03954e+06
Time is : 0.0025
Average Translational Cv value in internal cells is : 
882.514
Average Rotational Cv value in internal cells is : 
296.802
Average Translational-Rotational Cp value in internal cells is : 
1179.32
Average Vibrational Cv value in internal cells is : 
291.255
Average Translational-Rotational mu value in internal cells is : 
4.16643e-05
Average Translational-Rotational kappa value in internal cells is : 
0.104336
Average Vibrational kappa value in internal cells is : 
4.99971e-05
Average translational-rotational temperature is: 1063.53
Average vibrational temperature is: 5000
Average translational-rotational enthalpy is: 841093
Average translational internal energy is: 525434
Average rotational internal energy is: 315659
Average vibrational internal energy is: 1.03954e+06
