Time is : 0
Average Translational Cv value in internal cells is : 
890.41
Average Rotational Cv value in internal cells is : 
593.607
Average Translational-Rotational Cp value in internal cells is : 
1484.02
Average Translational-Rotational mu value in internal cells is : 
4.0422e-05
Average Translational-Rotational kappa value in internal cells is : 
0.113975
Average translational-rotational temperature is: 1000
Average translational-rotational enthalpy is: 1.04156e+06
Average translational internal energy is: 447950
Average rotational internal energy is: 593607
Time is : 0.0025
Average Translational Cv value in internal cells is : 
890.08
Average Rotational Cv value in internal cells is : 
593.607
Average Translational-Rotational Cp value in internal cells is : 
1483.69
Average Translational-Rotational mu value in internal cells is : 
4.24917e-05
Average Translational-Rotational kappa value in internal cells is : 
0.119776
Average translational-rotational temperature is: 1082.92
Average translational-rotational enthalpy is: 1.16458e+06
Average translational internal energy is: 521756
Average rotational internal energy is: 642827
