Time is : 0
Average Translational Cv value in internal cells is : 
830.278
Average Rotational Cv value in internal cells is : 
259.837
Average Translational-Rotational Cp value in internal cells is : 
1090.12
Average Vibrational Cv value in internal cells is : 
257.646
Average Translational-Rotational mu value in internal cells is : 
4.62162e-05
Average Translational-Rotational kappa value in internal cells is : 
0.107939
Average Vibrational kappa value in internal cells is : 
5.54594e-05
Average translational-rotational temperature is: 1000
Average vibrational temperature is: 5000
Average translational-rotational enthalpy is: 709624
Average translational internal energy is: 449787
Average rotational internal energy is: 259837
Average vibrational internal energy is: 1.02806e+06
Time is : 0.0025
Average Translational Cv value in internal cells is : 
839.074
Average Rotational Cv value in internal cells is : 
259.837
Average Translational-Rotational Cp value in internal cells is : 
1098.91
Average Vibrational Cv value in internal cells is : 
257.646
Average Translational-Rotational mu value in internal cells is : 
4.80273e-05
Average Translational-Rotational kappa value in internal cells is : 
0.113263
Average Vibrational kappa value in internal cells is : 
5.76328e-05
Average translational-rotational temperature is: 1063.96
Average vibrational temperature is: 5000
Average translational-rotational enthalpy is: 779932
Average translational internal energy is: 503476
Average rotational internal energy is: 276456
Average vibrational internal energy is: 1.02806e+06
